<?xml version="1.0" encoding="UTF-8"?>
<!-- Generated by org.testng.reporters.JUnitReportReporter -->
<testsuite hostname="OA16Y88FZOLHVSB" name="TestDemo" tests="1" failures="0" timestamp="3 Mar 2019 03:46:20 GMT" time="0.014" errors="0">
  <testcase name="testcase1" time="0.014" classname="TestDemo"/>
</testsuite> <!-- TestDemo -->
